<?xml version="1.0" encoding="UTF-8"?>
<!-- Generated by org.testng.reporters.JUnitReportReporter -->
<testsuite hostname="DESKTOP-BSK2UD6" failures="0" tests="13" name="com.saucedemo.runners.TestRunner" time="58.471" errors="0" timestamp="2025-09-03T16:54:05 IST" skipped="0">
  <testcase classname="com.saucedemo.runners.TestRunner" name="runScenario" time="4.097"/>
  <testcase classname="com.saucedemo.runners.TestRunner" name="runScenario" time="4.249"/>
  <testcase classname="com.saucedemo.runners.TestRunner" name="runScenario" time="3.565"/>
  <testcase classname="com.saucedemo.runners.TestRunner" name="runScenario" time="4.404"/>
  <testcase classname="com.saucedemo.runners.TestRunner" name="runScenario" time="7.827"/>
  <testcase classname="com.saucedemo.runners.TestRunner" name="runScenario" time="3.386"/>
  <testcase classname="com.saucedemo.runners.TestRunner" name="runScenario" time="3.609"/>
  <testcase classname="com.saucedemo.runners.TestRunner" name="runScenario" time="9.557"/>
  <testcase classname="com.saucedemo.runners.TestRunner" name="runScenario" time="3.141"/>
  <testcase classname="com.saucedemo.runners.TestRunner" name="runScenario" time="3.750"/>
  <testcase classname="com.saucedemo.runners.TestRunner" name="runScenario" time="3.589"/>
  <testcase classname="com.saucedemo.runners.TestRunner" name="runScenario" time="3.703"/>
  <testcase classname="com.saucedemo.runners.TestRunner" name="runScenario" time="3.594"/>
</testsuite> <!-- com.saucedemo.runners.TestRunner -->
