<?xml version="1.0" encoding="UTF-8"?>
<!-- Generated by org.testng.reporters.JUnitReportReporter -->
<testsuite hostname="Udayasiri-2002" failures="0" tests="2" name="MavenDay2.Amazontestng" time="58.078" errors="0" timestamp="2025-08-21T16:45:51 IST" skipped="0">
  <testcase classname="MavenDay2.Amazontestng" name="testAmazonLogin" time="9.606"/>
  <testcase classname="MavenDay2.Amazontestng" name="testAmazonSearchAndAddToCart" time="48.472"/>
</testsuite> <!-- MavenDay2.Amazontestng -->
