<?xml version="1.0" encoding="UTF-8"?>
<!-- Generated by org.testng.reporters.JUnitReportReporter -->
<testsuite hostname="Udayasiri-2002" failures="0" tests="3" name="MavenDay3.EcommerceTests" time="2.621" errors="0" timestamp="2025-08-20T22:32:30 IST" skipped="0">
  <testcase classname="MavenDay3.EcommerceTests" name="testSearch" time="2.596"/>
  <testcase classname="MavenDay3.EcommerceTests" name="testTitle" time="0.018"/>
  <testcase classname="MavenDay3.EcommerceTests" name="testCart" time="0.007"/>
</testsuite> <!-- MavenDay3.EcommerceTests -->
