<?xml version="1.0" encoding="UTF-8"?>
<!-- Generated by org.testng.reporters.JUnitReportReporter -->
<testsuite hostname="Udayasiri-2002" failures="0" tests="1" name="MavenDay4.Datepicker" time="10.437" errors="0" timestamp="2025-08-21T10:37:47 IST" skipped="0">
  <testcase classname="MavenDay4.Datepicker" name="DatePickerTest" time="10.437"/>
</testsuite> <!-- MavenDay4.Datepicker -->
