<?xml version="1.0" encoding="UTF-8"?>
<!-- Generated by org.testng.reporters.JUnitReportReporter -->
<testsuite hostname="Udayasiri-2002" failures="0" tests="1" name="MavenDay3.Chrome" time="2.268" errors="0" timestamp="2025-08-20T11:27:45 IST" skipped="0">
  <testcase classname="MavenDay3.Chrome" name="testgoogleTitile" time="2.268"/>
</testsuite> <!-- MavenDay3.Chrome -->
