<?xml version="1.0" encoding="UTF-8"?>
<!-- Generated by org.testng.reporters.JUnitReportReporter -->
<testsuite hostname="Udayasiri-2002" failures="0" tests="2" name="MavenDay3.Exclude" time="0.008" errors="0" timestamp="2025-08-20T17:24:02 IST" skipped="0">
  <testcase classname="MavenDay3.Exclude" name="testWindowsLogin" time="0.001"/>
  <testcase classname="MavenDay3.Exclude" name="testLinuxUpload" time="0.007"/>
</testsuite> <!-- MavenDay3.Exclude -->
