<?xml version="1.0" encoding="UTF-8"?>
<!-- Generated by org.testng.reporters.JUnitReportReporter -->
<testsuite hostname="Udayasiri-2002" failures="0" tests="1" name="MavenDay2.GoogleTest1" time="2.276" errors="0" timestamp="2025-08-19T12:13:29 IST" skipped="0">
  <testcase classname="MavenDay2.GoogleTest1" name="testgoogleTitile" time="2.276"/>
</testsuite> <!-- MavenDay2.GoogleTest1 -->
