<?xml version="1.0" encoding="UTF-8"?>
<!-- Generated by org.testng.reporters.JUnitReportReporter -->
<testsuite hostname="Udayasiri-2002" failures="0" tests="1" name="MavenDay2.Socialmedia" time="6.435" errors="0" timestamp="2025-08-19T18:07:19 IST" skipped="0">
  <testcase classname="MavenDay2.Socialmedia" name="InstaLogin" time="6.435"/>
</testsuite> <!-- MavenDay2.Socialmedia -->
