<?xml version="1.0" encoding="UTF-8"?>
<!-- Generated by org.testng.reporters.JUnitReportReporter -->
<testsuite hostname="Udayasiri-2002" failures="0" tests="2" name="MavenDay5.SampleExecution" time="0.009" errors="0" timestamp="2025-08-22T14:40:58 IST" skipped="0">
  <testcase classname="MavenDay5.SampleExecution" name="testMethod2" time="0.001"/>
  <testcase classname="MavenDay5.SampleExecution" name="testMethod1" time="0.008"/>
</testsuite> <!-- MavenDay5.SampleExecution -->
