<?xml version="1.0" encoding="UTF-8"?>
<!-- Generated by org.testng.reporters.JUnitReportReporter -->
<testsuite hostname="Udayasiri-2002" failures="0" tests="3" name="MavenDay2.BlazeDemotestng" time="41.156" errors="0" timestamp="2025-08-19T16:28:05 IST" skipped="0">
  <testcase classname="MavenDay2.BlazeDemotestng" name="bookFlight" time="15.433"/>
  <testcase classname="MavenDay2.BlazeDemotestng" name="bookFlight" time="10.925"/>
  <testcase classname="MavenDay2.BlazeDemotestng" name="bookFlight" time="14.798"/>
</testsuite> <!-- MavenDay2.BlazeDemotestng -->
