<?xml version="1.0" encoding="UTF-8"?>
<!-- Generated by org.testng.reporters.JUnitReportReporter -->
<testsuite hostname="Udayasiri-2002" failures="0" tests="2" name="MavenDay1.Googletest" time="0.049" errors="0" timestamp="2025-08-19T11:07:20 IST" skipped="0">
  <testcase classname="MavenDay1.Googletest" name="verifySearchBoxDisplayed" time="0.037"/>
  <testcase classname="MavenDay1.Googletest" name="verifyTitle" time="0.012"/>
</testsuite> <!-- MavenDay1.Googletest -->
