<?xml version="1.0" encoding="UTF-8"?>
<!-- Generated by org.testng.reporters.JUnitReportReporter -->
<testsuite hostname="Udayasiri-2002" failures="0" tests="1" name="MavenDay3.ParameterTest" time="4.401" errors="0" timestamp="2025-08-20T11:50:53 IST" skipped="0">
  <testcase classname="MavenDay3.ParameterTest" name="launchBrowser" time="4.401"/>
</testsuite> <!-- MavenDay3.ParameterTest -->
