<?xml version="1.0" encoding="UTF-8"?>
<!-- Generated by org.testng.reporters.JUnitReportReporter -->
<testsuite hostname="Udayasiri-2002" failures="0" tests="1" name="MavenDay4.Log" time="4.179" errors="0" timestamp="2025-08-22T11:39:42 IST" skipped="0">
  <testcase classname="MavenDay4.Log" name="loginTest" time="4.179"/>
</testsuite> <!-- MavenDay4.Log -->
