<?xml version="1.0" encoding="UTF-8"?>
<!-- Generated by org.testng.reporters.JUnitReportReporter -->
<testsuite hostname="Udayasiri-2002" failures="0" tests="1" name="MavenDay4.Dependencies" time="3.661" errors="0" timestamp="2025-08-21T16:08:56 IST" skipped="0">
  <testcase classname="MavenDay4.Dependencies" name="HealthSetup" time="3.661"/>
</testsuite> <!-- MavenDay4.Dependencies -->
