<?xml version="1.0" encoding="UTF-8"?>
<!-- Generated by org.testng.reporters.JUnitReportReporter -->
<testsuite hostname="Udayasiri-2002" failures="0" tests="2" name="MavenDay5.Visualizer" time="0.012" errors="0" timestamp="2025-08-22T15:02:28 IST" skipped="0">
  <testcase classname="MavenDay5.Visualizer" name="Method1" time="0.011"/>
  <testcase classname="MavenDay5.Visualizer" name="Method2" time="0.001"/>
</testsuite> <!-- MavenDay5.Visualizer -->
