<?xml version="1.0" encoding="UTF-8"?>
<!-- Generated by org.testng.reporters.JUnitReportReporter -->
<testsuite hostname="Udayasiri-2002" failures="0" tests="3" name="MavenDay3.Groupofgroups" time="0.012" errors="0" timestamp="2025-08-20T16:38:58 IST" skipped="0">
  <testcase classname="MavenDay3.Groupofgroups" name="testWindowsCheckout" time="0.001"/>
  <testcase classname="MavenDay3.Groupofgroups" name="testWindowsLogin" time="0.003"/>
  <testcase classname="MavenDay3.Groupofgroups" name="testLinuxUpload" time="0.008"/>
</testsuite> <!-- MavenDay3.Groupofgroups -->
